[debug] [2021-02-01T22:44:46.452Z] ----------------------------------------------------------------------
[debug] [2021-02-01T22:44:46.454Z] Command:       /usr/local/bin/node /usr/local/bin/firebase deploy
[debug] [2021-02-01T22:44:46.454Z] CLI Version:   9.1.0
[debug] [2021-02-01T22:44:46.454Z] Platform:      darwin
[debug] [2021-02-01T22:44:46.454Z] Node Version:  v12.18.4
[debug] [2021-02-01T22:44:46.457Z] Time:          Mon Feb 01 2021 14:44:46 GMT-0800 (Pacific Standard Time)
[debug] [2021-02-01T22:44:46.457Z] ----------------------------------------------------------------------
[debug] [2021-02-01T22:44:46.457Z] 
[debug] [2021-02-01T22:44:46.470Z] > command requires scopes: ["email","openid","https://www.googleapis.com/auth/cloudplatformprojects.readonly","https://www.googleapis.com/auth/firebase","https://www.googleapis.com/auth/cloud-platform"]
[debug] [2021-02-01T22:44:46.470Z] > authorizing via signed-in user
[debug] [2021-02-01T22:44:46.470Z] [iam] checking project traderank-288df for permissions ["cloudfunctions.functions.create","cloudfunctions.functions.delete","cloudfunctions.functions.get","cloudfunctions.functions.list","cloudfunctions.functions.update","cloudfunctions.operations.get","datastore.indexes.create","datastore.indexes.delete","datastore.indexes.list","datastore.indexes.update","firebase.projects.get","firebaserules.releases.create","firebaserules.releases.update","firebaserules.rulesets.create"]
[debug] [2021-02-01T22:44:46.473Z] >>> HTTP REQUEST POST https://cloudresourcemanager.googleapis.com/v1/projects/traderank-288df:testIamPermissions  
 {"permissions":["cloudfunctions.functions.create","cloudfunctions.functions.delete","cloudfunctions.functions.get","cloudfunctions.functions.list","cloudfunctions.functions.update","cloudfunctions.operations.get","datastore.indexes.create","datastore.indexes.delete","datastore.indexes.list","datastore.indexes.update","firebase.projects.get","firebaserules.releases.create","firebaserules.releases.update","firebaserules.rulesets.create"]}
[debug] [2021-02-01T22:44:46.627Z] <<< HTTP RESPONSE 200 {"content-type":"application/json; charset=UTF-8","vary":"X-Origin, Referer, Origin,Accept-Encoding","date":"Mon, 01 Feb 2021 22:44:46 GMT","server":"ESF","cache-control":"private","x-xss-protection":"0","x-frame-options":"SAMEORIGIN","x-content-type-options":"nosniff","server-timing":"gfet4t7; dur=62","alt-svc":"h3-29=\":443\"; ma=2592000,h3-T051=\":443\"; ma=2592000,h3-Q050=\":443\"; ma=2592000,h3-Q046=\":443\"; ma=2592000,h3-Q043=\":443\"; ma=2592000,quic=\":443\"; ma=2592000; v=\"46,43\"","accept-ranges":"none","transfer-encoding":"chunked"}
[debug] [2021-02-01T22:44:46.629Z] >>> HTTP REQUEST POST https://iam.googleapis.com/v1/projects/traderank-288df/serviceAccounts/traderank-288df@appspot.gserviceaccount.com:testIamPermissions  
 {"permissions":["iam.serviceAccounts.actAs"]}
[debug] [2021-02-01T22:44:47.194Z] <<< HTTP RESPONSE 200 {"content-type":"application/json; charset=UTF-8","vary":"X-Origin, Referer, Origin,Accept-Encoding","date":"Mon, 01 Feb 2021 22:44:47 GMT","server":"ESF","cache-control":"private","x-xss-protection":"0","x-frame-options":"SAMEORIGIN","x-content-type-options":"nosniff","alt-svc":"h3-29=\":443\"; ma=2592000,h3-T051=\":443\"; ma=2592000,h3-Q050=\":443\"; ma=2592000,h3-Q046=\":443\"; ma=2592000,h3-Q043=\":443\"; ma=2592000,quic=\":443\"; ma=2592000; v=\"46,43\"","accept-ranges":"none","transfer-encoding":"chunked"}
[warn] ⚠  functions: package.json indicates an outdated version of firebase-functions.
Please upgrade using npm install --save firebase-functions@latest in your functions directory. 
[info] 
[info] === Deploying to 'traderank-288df'...
[info] 
[info] i  deploying storage, firestore, functions 
[info] Running command: npm --prefix "$RESOURCE_DIR" run lint
[info] ✔  functions: Finished running predeploy script. 
[debug] [2021-02-01T22:44:50.697Z] >>> HTTP REQUEST GET https://appengine.googleapis.com/v1/apps/traderank-288df  
 
[debug] [2021-02-01T22:44:51.066Z] <<< HTTP RESPONSE 200 {"content-type":"application/json; charset=UTF-8","vary":"X-Origin, Referer, Origin,Accept-Encoding","date":"Mon, 01 Feb 2021 22:44:51 GMT","server":"ESF","cache-control":"private","x-xss-protection":"0","x-frame-options":"SAMEORIGIN","x-content-type-options":"nosniff","alt-svc":"h3-29=\":443\"; ma=2592000,h3-T051=\":443\"; ma=2592000,h3-Q050=\":443\"; ma=2592000,h3-Q046=\":443\"; ma=2592000,h3-Q043=\":443\"; ma=2592000,quic=\":443\"; ma=2592000; v=\"46,43\"","accept-ranges":"none","transfer-encoding":"chunked"}
[info] i  firebase.storage: checking storage.rules for compilation errors... 
[debug] [2021-02-01T22:44:51.068Z] >>> HTTP REQUEST POST https://firebaserules.googleapis.com/v1/projects/traderank-288df:test  
 {"source":{"files":[{"name":"storage.rules","content":"rules_version = '2';\nservice firebase.storage {\n  match /b/{bucket}/o {\n    match /{allPaths=**} {\n      allow read, write: if request.auth!=null;\n    }\n  }\n}\n"}]}}
[debug] [2021-02-01T22:44:51.656Z] <<< HTTP RESPONSE 200 {"content-type":"application/json; charset=UTF-8","vary":"X-Origin, Referer, Origin,Accept-Encoding","date":"Mon, 01 Feb 2021 22:44:51 GMT","server":"ESF","cache-control":"private","x-xss-protection":"0","x-frame-options":"SAMEORIGIN","x-content-type-options":"nosniff","alt-svc":"h3-29=\":443\"; ma=2592000,h3-T051=\":443\"; ma=2592000,h3-Q050=\":443\"; ma=2592000,h3-Q046=\":443\"; ma=2592000,h3-Q043=\":443\"; ma=2592000,quic=\":443\"; ma=2592000; v=\"46,43\"","accept-ranges":"none","transfer-encoding":"chunked"}
[info] ✔  firebase.storage: rules file storage.rules compiled successfully 
[info] i  firestore: reading indexes from firestore.indexes.json... 
[info] i  cloud.firestore: checking firestore.rules for compilation errors... 
[debug] [2021-02-01T22:44:51.659Z] >>> HTTP REQUEST POST https://firebaserules.googleapis.com/v1/projects/traderank-288df:test  
 {"source":{"files":[{"name":"firestore.rules","content":"rules_version = '2';\nservice cloud.firestore {\n  match /databases/{database}/documents {\n    match /{document=**} {\n      allow read, write: if\n          request.time < timestamp.date(2021, 12, 1);\n    }\n  }\n}"}]}}
[debug] [2021-02-01T22:44:52.197Z] <<< HTTP RESPONSE 200 {"content-type":"application/json; charset=UTF-8","vary":"X-Origin, Referer, Origin,Accept-Encoding","date":"Mon, 01 Feb 2021 22:44:52 GMT","server":"ESF","cache-control":"private","x-xss-protection":"0","x-frame-options":"SAMEORIGIN","x-content-type-options":"nosniff","alt-svc":"h3-29=\":443\"; ma=2592000,h3-T051=\":443\"; ma=2592000,h3-Q050=\":443\"; ma=2592000,h3-Q046=\":443\"; ma=2592000,h3-Q043=\":443\"; ma=2592000,quic=\":443\"; ma=2592000; v=\"46,43\"","accept-ranges":"none","transfer-encoding":"chunked"}
[info] ✔  cloud.firestore: rules file firestore.rules compiled successfully 
[debug] [2021-02-01T22:44:52.201Z] > [functions] package.json contents: {
  "name": "functions",
  "description": "Cloud Functions for Firebase",
  "scripts": {
    "lint": "eslint .",
    "serve": "firebase emulators:start --only functions",
    "shell": "firebase functions:shell",
    "start": "npm run shell",
    "deploy": "firebase deploy --only functions",
    "logs": "firebase functions:log"
  },
  "engines": {
    "node": "12"
  },
  "main": "index.js",
  "dependencies": {
    "algoliasearch": "^4.8.4",
    "firebase-admin": "^9.2.0",
    "firebase-functions": "^3.11.0",
    "node-fetch": "^2.6.1"
  },
  "devDependencies": {
    "eslint": "^5.12.0",
    "eslint-plugin-promise": "^4.0.1",
    "firebase-functions-test": "^0.2.0"
  },
  "private": true
}
[info] i  functions: ensuring required API cloudfunctions.googleapis.com is enabled... 
[info] i  functions: ensuring required API cloudbuild.googleapis.com is enabled... 
[debug] [2021-02-01T22:44:53.365Z] >>> HTTP REQUEST GET https://serviceusage.googleapis.com/v1/projects/traderank-288df/services/cloudfunctions.googleapis.com  
 
[debug] [2021-02-01T22:44:53.366Z] >>> HTTP REQUEST GET https://serviceusage.googleapis.com/v1/projects/traderank-288df/services/runtimeconfig.googleapis.com  
 
[debug] [2021-02-01T22:44:53.366Z] >>> HTTP REQUEST GET https://serviceusage.googleapis.com/v1/projects/traderank-288df/services/cloudbuild.googleapis.com  
 
[debug] [2021-02-01T22:44:54.119Z] <<< HTTP RESPONSE 200 {"content-type":"application/json; charset=UTF-8","vary":"X-Origin, Referer, Origin,Accept-Encoding","date":"Mon, 01 Feb 2021 22:44:54 GMT","server":"ESF","cache-control":"private","x-xss-protection":"0","x-frame-options":"SAMEORIGIN","x-content-type-options":"nosniff","alt-svc":"h3-29=\":443\"; ma=2592000,h3-T051=\":443\"; ma=2592000,h3-Q050=\":443\"; ma=2592000,h3-Q046=\":443\"; ma=2592000,h3-Q043=\":443\"; ma=2592000,quic=\":443\"; ma=2592000; v=\"46,43\"","accept-ranges":"none","transfer-encoding":"chunked"}
[debug] [2021-02-01T22:44:54.260Z] <<< HTTP RESPONSE 200 {"content-type":"application/json; charset=UTF-8","vary":"X-Origin, Referer, Origin,Accept-Encoding","date":"Mon, 01 Feb 2021 22:44:54 GMT","server":"ESF","cache-control":"private","x-xss-protection":"0","x-frame-options":"SAMEORIGIN","x-content-type-options":"nosniff","alt-svc":"h3-29=\":443\"; ma=2592000,h3-T051=\":443\"; ma=2592000,h3-Q050=\":443\"; ma=2592000,h3-Q046=\":443\"; ma=2592000,h3-Q043=\":443\"; ma=2592000,quic=\":443\"; ma=2592000; v=\"46,43\"","accept-ranges":"none","transfer-encoding":"chunked"}
[info] ✔  functions: required API cloudbuild.googleapis.com is enabled 
[debug] [2021-02-01T22:44:54.279Z] <<< HTTP RESPONSE 200 {"content-type":"application/json; charset=UTF-8","vary":"X-Origin, Referer, Origin,Accept-Encoding","date":"Mon, 01 Feb 2021 22:44:54 GMT","server":"ESF","cache-control":"private","x-xss-protection":"0","x-frame-options":"SAMEORIGIN","x-content-type-options":"nosniff","alt-svc":"h3-29=\":443\"; ma=2592000,h3-T051=\":443\"; ma=2592000,h3-Q050=\":443\"; ma=2592000,h3-Q046=\":443\"; ma=2592000,h3-Q043=\":443\"; ma=2592000,quic=\":443\"; ma=2592000; v=\"46,43\"","accept-ranges":"none","transfer-encoding":"chunked"}
[info] ✔  functions: required API cloudfunctions.googleapis.com is enabled 
[debug] [2021-02-01T22:44:54.280Z] >>> HTTP REQUEST GET https://firebase.googleapis.com/v1beta1/projects/traderank-288df/adminSdkConfig  
 
[debug] [2021-02-01T22:44:54.627Z] <<< HTTP RESPONSE 200 {"content-type":"application/json; charset=UTF-8","vary":"X-Origin, Referer, Origin,Accept-Encoding","date":"Mon, 01 Feb 2021 22:44:54 GMT","server":"ESF","cache-control":"private","x-xss-protection":"0","x-frame-options":"SAMEORIGIN","x-content-type-options":"nosniff","alt-svc":"h3-29=\":443\"; ma=2592000,h3-T051=\":443\"; ma=2592000,h3-Q050=\":443\"; ma=2592000,h3-Q046=\":443\"; ma=2592000,h3-Q043=\":443\"; ma=2592000,quic=\":443\"; ma=2592000; v=\"46,43\"","accept-ranges":"none","transfer-encoding":"chunked"}
[debug] [2021-02-01T22:44:54.628Z] >>> HTTP REQUEST GET https://firebaserules.googleapis.com/v1/projects/traderank-288df/releases?pageSize=10&pageToken=  
 
[debug] [2021-02-01T22:44:55.386Z] <<< HTTP RESPONSE 200 {"content-type":"application/json; charset=UTF-8","vary":"X-Origin, Referer, Origin,Accept-Encoding","date":"Mon, 01 Feb 2021 22:44:55 GMT","server":"ESF","cache-control":"private","x-xss-protection":"0","x-frame-options":"SAMEORIGIN","x-content-type-options":"nosniff","alt-svc":"h3-29=\":443\"; ma=2592000,h3-T051=\":443\"; ma=2592000,h3-Q050=\":443\"; ma=2592000,h3-Q046=\":443\"; ma=2592000,h3-Q043=\":443\"; ma=2592000,quic=\":443\"; ma=2592000; v=\"46,43\"","accept-ranges":"none","transfer-encoding":"chunked"}
[debug] [2021-02-01T22:44:55.388Z] >>> HTTP REQUEST GET https://firebaserules.googleapis.com/v1/projects/traderank-288df/rulesets/2895e453-ae48-4139-9005-c374f10ef31c  
 
[debug] [2021-02-01T22:44:55.795Z] <<< HTTP RESPONSE 200 {"content-type":"application/json; charset=UTF-8","vary":"X-Origin, Referer, Origin,Accept-Encoding","date":"Mon, 01 Feb 2021 22:44:55 GMT","server":"ESF","cache-control":"private","x-xss-protection":"0","x-frame-options":"SAMEORIGIN","x-content-type-options":"nosniff","alt-svc":"h3-29=\":443\"; ma=2592000,h3-T051=\":443\"; ma=2592000,h3-Q050=\":443\"; ma=2592000,h3-Q046=\":443\"; ma=2592000,h3-Q043=\":443\"; ma=2592000,quic=\":443\"; ma=2592000; v=\"46,43\"","accept-ranges":"none","transfer-encoding":"chunked"}
[info] i  storage: latest version of storage.rules already up to date, skipping upload... 
[debug] [2021-02-01T22:44:55.797Z] >>> HTTP REQUEST GET https://firebaserules.googleapis.com/v1/projects/traderank-288df/releases?pageSize=10&pageToken=  
 
[debug] [2021-02-01T22:44:55.798Z] >>> HTTP REQUEST GET https://firestore.googleapis.com/v1/projects/traderank-288df/databases/(default)/collectionGroups/-/indexes  
 
[debug] [2021-02-01T22:44:56.016Z] <<< HTTP RESPONSE 200 {"content-type":"application/json; charset=UTF-8","vary":"X-Origin, Referer, Origin,Accept-Encoding","date":"Mon, 01 Feb 2021 22:44:56 GMT","server":"ESF","cache-control":"private","x-xss-protection":"0","x-frame-options":"SAMEORIGIN","x-content-type-options":"nosniff","alt-svc":"h3-29=\":443\"; ma=2592000,h3-T051=\":443\"; ma=2592000,h3-Q050=\":443\"; ma=2592000,h3-Q046=\":443\"; ma=2592000,h3-Q043=\":443\"; ma=2592000,quic=\":443\"; ma=2592000; v=\"46,43\"","accept-ranges":"none","transfer-encoding":"chunked"}
[debug] [2021-02-01T22:44:56.017Z] >>> HTTP REQUEST GET https://firestore.googleapis.com/v1/projects/traderank-288df/databases/(default)/collectionGroups/-/fields?filter=indexConfig.usesAncestorConfig=false  
 
[debug] [2021-02-01T22:44:56.113Z] <<< HTTP RESPONSE 200 {"content-type":"application/json; charset=UTF-8","vary":"X-Origin, Referer, Origin,Accept-Encoding","date":"Mon, 01 Feb 2021 22:44:56 GMT","server":"ESF","cache-control":"private","x-xss-protection":"0","x-frame-options":"SAMEORIGIN","x-content-type-options":"nosniff","alt-svc":"h3-29=\":443\"; ma=2592000,h3-T051=\":443\"; ma=2592000,h3-Q050=\":443\"; ma=2592000,h3-Q046=\":443\"; ma=2592000,h3-Q043=\":443\"; ma=2592000,quic=\":443\"; ma=2592000; v=\"46,43\"","accept-ranges":"none","transfer-encoding":"chunked"}
[debug] [2021-02-01T22:44:56.114Z] >>> HTTP REQUEST GET https://firebaserules.googleapis.com/v1/projects/traderank-288df/rulesets/42d2b142-1f78-450c-b228-6f203e6a116a  
 
[debug] [2021-02-01T22:44:56.220Z] <<< HTTP RESPONSE 200 {"content-type":"application/json; charset=UTF-8","vary":"X-Origin, Referer, Origin,Accept-Encoding","date":"Mon, 01 Feb 2021 22:44:56 GMT","server":"ESF","cache-control":"private","x-xss-protection":"0","x-frame-options":"SAMEORIGIN","x-content-type-options":"nosniff","alt-svc":"h3-29=\":443\"; ma=2592000,h3-T051=\":443\"; ma=2592000,h3-Q050=\":443\"; ma=2592000,h3-Q046=\":443\"; ma=2592000,h3-Q043=\":443\"; ma=2592000,quic=\":443\"; ma=2592000; v=\"46,43\"","accept-ranges":"none","transfer-encoding":"chunked"}
[info] i  firestore: The following indexes are defined in your project but are not present in your firestore indexes file:
	(globalPosts) -- (uid,ASCENDING) (date_created,DESCENDING)  
[debug] [2021-02-01T22:44:56.420Z] <<< HTTP RESPONSE 200 {"content-type":"application/json; charset=UTF-8","vary":"X-Origin, Referer, Origin,Accept-Encoding","date":"Mon, 01 Feb 2021 22:44:56 GMT","server":"ESF","cache-control":"private","x-xss-protection":"0","x-frame-options":"SAMEORIGIN","x-content-type-options":"nosniff","alt-svc":"h3-29=\":443\"; ma=2592000,h3-T051=\":443\"; ma=2592000,h3-Q050=\":443\"; ma=2592000,h3-Q046=\":443\"; ma=2592000,h3-Q043=\":443\"; ma=2592000,quic=\":443\"; ma=2592000; v=\"46,43\"","accept-ranges":"none","transfer-encoding":"chunked"}
[info] i  firestore: latest version of firestore.rules already up to date, skipping upload... 
[info] ✔  firestore: deployed indexes in firestore.indexes.json successfully 
[info] i  functions: preparing functions directory for uploading... 
[debug] [2021-02-01T22:45:06.679Z] >>> HTTP REQUEST GET https://runtimeconfig.googleapis.com/v1beta1/projects/traderank-288df/configs  
 
[debug] [2021-02-01T22:45:06.872Z] <<< HTTP RESPONSE 200 {"content-type":"application/json; charset=UTF-8","vary":"X-Origin, Referer, Origin,Accept-Encoding","date":"Mon, 01 Feb 2021 22:45:07 GMT","server":"ESF","cache-control":"private","x-xss-protection":"0","x-frame-options":"SAMEORIGIN","x-content-type-options":"nosniff","alt-svc":"h3-29=\":443\"; ma=2592000,h3-T051=\":443\"; ma=2592000,h3-Q050=\":443\"; ma=2592000,h3-Q046=\":443\"; ma=2592000,h3-Q043=\":443\"; ma=2592000,quic=\":443\"; ma=2592000; v=\"46,43\"","accept-ranges":"none","transfer-encoding":"chunked"}
[info] i  functions: packaged functions (41.37 KB) for uploading 
[debug] [2021-02-01T22:45:07.075Z] >>> HTTP REQUEST GET https://cloudfunctions.googleapis.com/v1/projects/traderank-288df/locations/-/functions  
 
[debug] [2021-02-01T22:45:07.590Z] <<< HTTP RESPONSE 200 {"content-type":"application/json; charset=UTF-8","vary":"X-Origin, Referer, Origin,Accept-Encoding","date":"Mon, 01 Feb 2021 22:45:07 GMT","server":"ESF","cache-control":"private","x-xss-protection":"0","x-frame-options":"SAMEORIGIN","x-content-type-options":"nosniff","alt-svc":"h3-29=\":443\"; ma=2592000,h3-T051=\":443\"; ma=2592000,h3-Q050=\":443\"; ma=2592000,h3-Q046=\":443\"; ma=2592000,h3-Q043=\":443\"; ma=2592000,quic=\":443\"; ma=2592000; v=\"46,43\"","accept-ranges":"none","transfer-encoding":"chunked"}
[debug] [2021-02-01T22:45:07.592Z] >>> HTTP REQUEST POST https://cloudfunctions.googleapis.com/v1/projects/traderank-288df/locations/us-central1/functions:generateUploadUrl  
 
[debug] [2021-02-01T22:45:08.481Z] <<< HTTP RESPONSE 200 {"content-type":"application/json; charset=UTF-8","vary":"X-Origin, Referer, Origin,Accept-Encoding","date":"Mon, 01 Feb 2021 22:45:08 GMT","server":"ESF","cache-control":"private","x-xss-protection":"0","x-frame-options":"SAMEORIGIN","x-content-type-options":"nosniff","alt-svc":"h3-29=\":443\"; ma=2592000,h3-T051=\":443\"; ma=2592000,h3-Q050=\":443\"; ma=2592000,h3-Q046=\":443\"; ma=2592000,h3-Q043=\":443\"; ma=2592000,quic=\":443\"; ma=2592000; v=\"46,43\"","accept-ranges":"none","transfer-encoding":"chunked"}
[debug] [2021-02-01T22:45:08.482Z] >>> HTTP REQUEST PUT https://storage.googleapis.com/gcf-upload-us-central1-6b64a963-115d-45ba-9f28-171c9786df5e/48a54252-87bd-47ab-b813-ffec31da49d9.zip?GoogleAccessId=service-763046292820@gcf-admin-robot.iam.gserviceaccount.com&Expires=1612221308&Signature=iQI4VjJW9rSHL5qnYa1ZUDD0RGVilmh76znYfQoceY%2BNEGuIBgDtyeJPxqMN7g9I4uxp6AFQEA8ewtIfOuQ%2FNaBCpUzptce52FIVFCwTYp%2FCf4PqqsUvF%2Fz4RrTv1NozgFgWC6IsAeJXx4utYpViGvC5n4WEBb02K085BQaZuA64XRWLypI0WgoInoWZUEZVKWinToLwC3CPe75FKLaL%2FYBOvdoYjzP%2B71TSy4AlGKPqHWul06En1h8bR4aIincdVra0bP%2F8sHjLeFQAwcwUmYGqY48ZHcW6l2gldY7pBIY3c27bReZzLkeJxgKG12y6X5cpkZUJMSuf3Cq1Cm9b9w%3D%3D  
 <request body omitted>
[debug] [2021-02-01T22:45:08.710Z] <<< HTTP RESPONSE 200 {"x-guploader-uploadid":"ABg5-Uwro4NS6WxFeBngMeACPmtHfMZcPApwQVcUEq-PbHt9vf34pIE-ngddDbq-3z6BdGvDV4Ndep3yJkf1Hh7h3Yw5uSTP5A","etag":"\"7ced3996a51213be44bfc373da7d64a1\"","x-goog-generation":"1612219508952090","x-goog-metageneration":"1","x-goog-hash":"crc32c=Q3hykA==, md5=fO05lqUSE75Ev8Nz2n1koQ==","x-goog-stored-content-length":"42361","x-goog-stored-content-encoding":"identity","vary":"Origin","content-length":"0","date":"Mon, 01 Feb 2021 22:45:08 GMT","server":"UploadServer","content-type":"text/html; charset=UTF-8","alt-svc":"h3-29=\":443\"; ma=2592000,h3-T051=\":443\"; ma=2592000,h3-Q050=\":443\"; ma=2592000,h3-Q046=\":443\"; ma=2592000,h3-Q043=\":443\"; ma=2592000,quic=\":443\"; ma=2592000; v=\"46,43\""}
[info] ✔  functions: functions folder uploaded successfully 
[debug] [2021-02-01T22:45:08.711Z] [rules] releasing firebase.storage/traderank-288df.appspot.com with ruleset projects/traderank-288df/rulesets/2895e453-ae48-4139-9005-c374f10ef31c
[debug] [2021-02-01T22:45:08.711Z] >>> HTTP REQUEST PATCH https://firebaserules.googleapis.com/v1/projects/traderank-288df/releases/firebase.storage/traderank-288df.appspot.com  
 {"release":{"name":"projects/traderank-288df/releases/firebase.storage/traderank-288df.appspot.com","rulesetName":"projects/traderank-288df/rulesets/2895e453-ae48-4139-9005-c374f10ef31c"}}
[debug] [2021-02-01T22:45:09.109Z] <<< HTTP RESPONSE 200 {"content-type":"application/json; charset=UTF-8","vary":"X-Origin, Referer, Origin,Accept-Encoding","date":"Mon, 01 Feb 2021 22:45:09 GMT","server":"ESF","cache-control":"private","x-xss-protection":"0","x-frame-options":"SAMEORIGIN","x-content-type-options":"nosniff","alt-svc":"h3-29=\":443\"; ma=2592000,h3-T051=\":443\"; ma=2592000,h3-Q050=\":443\"; ma=2592000,h3-Q046=\":443\"; ma=2592000,h3-Q043=\":443\"; ma=2592000,quic=\":443\"; ma=2592000; v=\"46,43\"","accept-ranges":"none","transfer-encoding":"chunked"}
[debug] [2021-02-01T22:45:09.110Z] [rules] updated release projects/traderank-288df/releases/firebase.storage/traderank-288df.appspot.com
[info] ✔  storage: released rules storage.rules to firebase.storage 
[debug] [2021-02-01T22:45:09.110Z] [rules] releasing cloud.firestore with ruleset projects/traderank-288df/rulesets/42d2b142-1f78-450c-b228-6f203e6a116a
[debug] [2021-02-01T22:45:09.110Z] >>> HTTP REQUEST PATCH https://firebaserules.googleapis.com/v1/projects/traderank-288df/releases/cloud.firestore  
 {"release":{"name":"projects/traderank-288df/releases/cloud.firestore","rulesetName":"projects/traderank-288df/rulesets/42d2b142-1f78-450c-b228-6f203e6a116a"}}
[debug] [2021-02-01T22:45:09.474Z] <<< HTTP RESPONSE 200 {"content-type":"application/json; charset=UTF-8","vary":"X-Origin, Referer, Origin,Accept-Encoding","date":"Mon, 01 Feb 2021 22:45:09 GMT","server":"ESF","cache-control":"private","x-xss-protection":"0","x-frame-options":"SAMEORIGIN","x-content-type-options":"nosniff","alt-svc":"h3-29=\":443\"; ma=2592000,h3-T051=\":443\"; ma=2592000,h3-Q050=\":443\"; ma=2592000,h3-Q046=\":443\"; ma=2592000,h3-Q043=\":443\"; ma=2592000,quic=\":443\"; ma=2592000; v=\"46,43\"","accept-ranges":"none","transfer-encoding":"chunked"}
[debug] [2021-02-01T22:45:09.475Z] [rules] updated release projects/traderank-288df/releases/cloud.firestore
[info] ✔  firestore: released rules firestore.rules to cloud.firestore 
[info] i  functions: updating Node.js 12 function scheduledLeaderboardGainFunction(us-central1)... 
[debug] [2021-02-01T22:45:09.478Z] Trigger is:  {"eventTrigger":{"resource":"projects/traderank-288df/topics/firebase-schedule-scheduledLeaderboardGainFunction-us-central1","eventType":"google.pubsub.topic.publish","service":"pubsub.googleapis.com"}}
[info] i  functions: updating Node.js 12 function scheduledLeaderboardLossFunction(us-central1)... 
[debug] [2021-02-01T22:45:09.479Z] Trigger is:  {"eventTrigger":{"resource":"projects/traderank-288df/topics/firebase-schedule-scheduledLeaderboardLossFunction-us-central1","eventType":"google.pubsub.topic.publish","service":"pubsub.googleapis.com"}}
[info] i  functions: updating Node.js 12 function writeNotification(us-central1)... 
[debug] [2021-02-01T22:45:09.479Z] Trigger is:  {"httpsTrigger":{}}
[info] i  scheduler: ensuring required API cloudscheduler.googleapis.com is enabled... 
[info] i  pubsub: ensuring required API pubsub.googleapis.com is enabled... 
[debug] [2021-02-01T22:45:09.480Z] >>> HTTP REQUEST GET https://serviceusage.googleapis.com/v1/projects/traderank-288df/services/cloudscheduler.googleapis.com  
 
[debug] [2021-02-01T22:45:09.481Z] >>> HTTP REQUEST GET https://serviceusage.googleapis.com/v1/projects/traderank-288df/services/pubsub.googleapis.com  
 
[debug] [2021-02-01T22:45:09.926Z] <<< HTTP RESPONSE 200 {"content-type":"application/json; charset=UTF-8","vary":"X-Origin, Referer, Origin,Accept-Encoding","date":"Mon, 01 Feb 2021 22:45:10 GMT","server":"ESF","cache-control":"private","x-xss-protection":"0","x-frame-options":"SAMEORIGIN","x-content-type-options":"nosniff","alt-svc":"h3-29=\":443\"; ma=2592000,h3-T051=\":443\"; ma=2592000,h3-Q050=\":443\"; ma=2592000,h3-Q046=\":443\"; ma=2592000,h3-Q043=\":443\"; ma=2592000,quic=\":443\"; ma=2592000; v=\"46,43\"","accept-ranges":"none","transfer-encoding":"chunked"}
[info] ✔  scheduler: required API cloudscheduler.googleapis.com is enabled 
[debug] [2021-02-01T22:45:09.948Z] <<< HTTP RESPONSE 200 {"content-type":"application/json; charset=UTF-8","vary":"X-Origin, Referer, Origin,Accept-Encoding","date":"Mon, 01 Feb 2021 22:45:10 GMT","server":"ESF","cache-control":"private","x-xss-protection":"0","x-frame-options":"SAMEORIGIN","x-content-type-options":"nosniff","alt-svc":"h3-29=\":443\"; ma=2592000,h3-T051=\":443\"; ma=2592000,h3-Q050=\":443\"; ma=2592000,h3-Q046=\":443\"; ma=2592000,h3-Q043=\":443\"; ma=2592000,quic=\":443\"; ma=2592000; v=\"46,43\"","accept-ranges":"none","transfer-encoding":"chunked"}
[info] ✔  pubsub: required API pubsub.googleapis.com is enabled 
[debug] [2021-02-01T22:45:09.950Z] >>> HTTP REQUEST GET https://cloudscheduler.googleapis.com/v1beta1/projects/traderank-288df/locations/us-central1/jobs/firebase-schedule-scheduledLeaderboardGainFunction-us-central1  
 
[debug] [2021-02-01T22:45:10.747Z] <<< HTTP RESPONSE 200 {"content-type":"application/json; charset=UTF-8","vary":"X-Origin, Referer, Origin,Accept-Encoding","date":"Mon, 01 Feb 2021 22:45:10 GMT","server":"ESF","cache-control":"private","x-xss-protection":"0","x-frame-options":"SAMEORIGIN","x-content-type-options":"nosniff","alt-svc":"h3-29=\":443\"; ma=2592000,h3-T051=\":443\"; ma=2592000,h3-Q050=\":443\"; ma=2592000,h3-Q046=\":443\"; ma=2592000,h3-Q043=\":443\"; ma=2592000,quic=\":443\"; ma=2592000; v=\"46,43\"","accept-ranges":"none","transfer-encoding":"chunked"}
[info] i  functions: scheduler job firebase-schedule-scheduledLeaderboardGainFunction-us-central1 is up to date, no changes required 
[debug] [2021-02-01T22:45:10.749Z] >>> HTTP REQUEST GET https://cloudscheduler.googleapis.com/v1beta1/projects/traderank-288df/locations/us-central1/jobs/firebase-schedule-scheduledLeaderboardLossFunction-us-central1  
 
[debug] [2021-02-01T22:45:11.564Z] <<< HTTP RESPONSE 200 {"content-type":"application/json; charset=UTF-8","vary":"X-Origin, Referer, Origin,Accept-Encoding","date":"Mon, 01 Feb 2021 22:45:11 GMT","server":"ESF","cache-control":"private","x-xss-protection":"0","x-frame-options":"SAMEORIGIN","x-content-type-options":"nosniff","alt-svc":"h3-29=\":443\"; ma=2592000,h3-T051=\":443\"; ma=2592000,h3-Q050=\":443\"; ma=2592000,h3-Q046=\":443\"; ma=2592000,h3-Q043=\":443\"; ma=2592000,quic=\":443\"; ma=2592000; v=\"46,43\"","accept-ranges":"none","transfer-encoding":"chunked"}
[info] i  functions: scheduler job firebase-schedule-scheduledLeaderboardLossFunction-us-central1 is up to date, no changes required 
[debug] [2021-02-01T22:45:11.566Z] >>> HTTP REQUEST PATCH https://cloudfunctions.googleapis.com/v1/projects/traderank-288df/locations/us-central1/functions/scheduledLeaderboardGainFunction {"updateMask":"sourceUploadUrl,name,labels,runtime,environmentVariables,eventTrigger.resource,eventTrigger.eventType,eventTrigger.service,eventTrigger.failurePolicy"} 
 {"sourceUploadUrl":"https://storage.googleapis.com/gcf-upload-us-central1-6b64a963-115d-45ba-9f28-171c9786df5e/48a54252-87bd-47ab-b813-ffec31da49d9.zip?GoogleAccessId=service-763046292820@gcf-admin-robot.iam.gserviceaccount.com&Expires=1612221308&Signature=iQI4VjJW9rSHL5qnYa1ZUDD0RGVilmh76znYfQoceY%2BNEGuIBgDtyeJPxqMN7g9I4uxp6AFQEA8ewtIfOuQ%2FNaBCpUzptce52FIVFCwTYp%2FCf4PqqsUvF%2Fz4RrTv1NozgFgWC6IsAeJXx4utYpViGvC5n4WEBb02K085BQaZuA64XRWLypI0WgoInoWZUEZVKWinToLwC3CPe75FKLaL%2FYBOvdoYjzP%2B71TSy4AlGKPqHWul06En1h8bR4aIincdVra0bP%2F8sHjLeFQAwcwUmYGqY48ZHcW6l2gldY7pBIY3c27bReZzLkeJxgKG12y6X5cpkZUJMSuf3Cq1Cm9b9w%3D%3D","name":"projects/traderank-288df/locations/us-central1/functions/scheduledLeaderboardGainFunction","labels":{"deployment-tool":"cli-firebase","deployment-scheduled":"true"},"eventTrigger":{"resource":"projects/traderank-288df/topics/firebase-schedule-scheduledLeaderboardGainFunction-us-central1","eventType":"google.pubsub.topic.publish","service":"pubsub.googleapis.com"},"runtime":"nodejs12","environmentVariables":{"FIREBASE_CONFIG":"{\"projectId\":\"traderank-288df\",\"databaseURL\":\"https://traderank-288df.firebaseio.com\",\"storageBucket\":\"traderank-288df.appspot.com\",\"locationId\":\"us-central\"}"}}
[debug] [2021-02-01T22:45:11.568Z] >>> HTTP REQUEST PATCH https://cloudfunctions.googleapis.com/v1/projects/traderank-288df/locations/us-central1/functions/scheduledLeaderboardLossFunction {"updateMask":"sourceUploadUrl,name,labels,runtime,environmentVariables,eventTrigger.resource,eventTrigger.eventType,eventTrigger.service,eventTrigger.failurePolicy"} 
 {"sourceUploadUrl":"https://storage.googleapis.com/gcf-upload-us-central1-6b64a963-115d-45ba-9f28-171c9786df5e/48a54252-87bd-47ab-b813-ffec31da49d9.zip?GoogleAccessId=service-763046292820@gcf-admin-robot.iam.gserviceaccount.com&Expires=1612221308&Signature=iQI4VjJW9rSHL5qnYa1ZUDD0RGVilmh76znYfQoceY%2BNEGuIBgDtyeJPxqMN7g9I4uxp6AFQEA8ewtIfOuQ%2FNaBCpUzptce52FIVFCwTYp%2FCf4PqqsUvF%2Fz4RrTv1NozgFgWC6IsAeJXx4utYpViGvC5n4WEBb02K085BQaZuA64XRWLypI0WgoInoWZUEZVKWinToLwC3CPe75FKLaL%2FYBOvdoYjzP%2B71TSy4AlGKPqHWul06En1h8bR4aIincdVra0bP%2F8sHjLeFQAwcwUmYGqY48ZHcW6l2gldY7pBIY3c27bReZzLkeJxgKG12y6X5cpkZUJMSuf3Cq1Cm9b9w%3D%3D","name":"projects/traderank-288df/locations/us-central1/functions/scheduledLeaderboardLossFunction","labels":{"deployment-tool":"cli-firebase","deployment-scheduled":"true"},"eventTrigger":{"resource":"projects/traderank-288df/topics/firebase-schedule-scheduledLeaderboardLossFunction-us-central1","eventType":"google.pubsub.topic.publish","service":"pubsub.googleapis.com"},"runtime":"nodejs12","environmentVariables":{"FIREBASE_CONFIG":"{\"projectId\":\"traderank-288df\",\"databaseURL\":\"https://traderank-288df.firebaseio.com\",\"storageBucket\":\"traderank-288df.appspot.com\",\"locationId\":\"us-central\"}"}}
[debug] [2021-02-01T22:45:11.569Z] >>> HTTP REQUEST PATCH https://cloudfunctions.googleapis.com/v1/projects/traderank-288df/locations/us-central1/functions/writeNotification {"updateMask":"sourceUploadUrl,name,labels,runtime,environmentVariables,httpsTrigger"} 
 {"sourceUploadUrl":"https://storage.googleapis.com/gcf-upload-us-central1-6b64a963-115d-45ba-9f28-171c9786df5e/48a54252-87bd-47ab-b813-ffec31da49d9.zip?GoogleAccessId=service-763046292820@gcf-admin-robot.iam.gserviceaccount.com&Expires=1612221308&Signature=iQI4VjJW9rSHL5qnYa1ZUDD0RGVilmh76znYfQoceY%2BNEGuIBgDtyeJPxqMN7g9I4uxp6AFQEA8ewtIfOuQ%2FNaBCpUzptce52FIVFCwTYp%2FCf4PqqsUvF%2Fz4RrTv1NozgFgWC6IsAeJXx4utYpViGvC5n4WEBb02K085BQaZuA64XRWLypI0WgoInoWZUEZVKWinToLwC3CPe75FKLaL%2FYBOvdoYjzP%2B71TSy4AlGKPqHWul06En1h8bR4aIincdVra0bP%2F8sHjLeFQAwcwUmYGqY48ZHcW6l2gldY7pBIY3c27bReZzLkeJxgKG12y6X5cpkZUJMSuf3Cq1Cm9b9w%3D%3D","name":"projects/traderank-288df/locations/us-central1/functions/writeNotification","labels":{"deployment-tool":"cli-firebase","deployment-callable":"true"},"httpsTrigger":{},"runtime":"nodejs12","environmentVariables":{"FIREBASE_CONFIG":"{\"projectId\":\"traderank-288df\",\"databaseURL\":\"https://traderank-288df.firebaseio.com\",\"storageBucket\":\"traderank-288df.appspot.com\",\"locationId\":\"us-central\"}"}}
[debug] [2021-02-01T22:45:12.567Z] <<< HTTP RESPONSE 200 {"content-type":"application/json; charset=UTF-8","vary":"X-Origin, Referer, Origin,Accept-Encoding","date":"Mon, 01 Feb 2021 22:45:12 GMT","server":"ESF","cache-control":"private","x-xss-protection":"0","x-frame-options":"SAMEORIGIN","x-content-type-options":"nosniff","alt-svc":"h3-29=\":443\"; ma=2592000,h3-T051=\":443\"; ma=2592000,h3-Q050=\":443\"; ma=2592000,h3-Q046=\":443\"; ma=2592000,h3-Q043=\":443\"; ma=2592000,quic=\":443\"; ma=2592000; v=\"46,43\"","accept-ranges":"none","transfer-encoding":"chunked"}
[debug] [2021-02-01T22:45:12.568Z] <<< HTTP RESPONSE 200 {"content-type":"application/json; charset=UTF-8","vary":"X-Origin, Referer, Origin,Accept-Encoding","date":"Mon, 01 Feb 2021 22:45:12 GMT","server":"ESF","cache-control":"private","x-xss-protection":"0","x-frame-options":"SAMEORIGIN","x-content-type-options":"nosniff","alt-svc":"h3-29=\":443\"; ma=2592000,h3-T051=\":443\"; ma=2592000,h3-Q050=\":443\"; ma=2592000,h3-Q046=\":443\"; ma=2592000,h3-Q043=\":443\"; ma=2592000,quic=\":443\"; ma=2592000; v=\"46,43\"","accept-ranges":"none","transfer-encoding":"chunked"}
[debug] [2021-02-01T22:45:12.569Z] <<< HTTP RESPONSE 200 {"content-type":"application/json; charset=UTF-8","vary":"X-Origin, Referer, Origin,Accept-Encoding","date":"Mon, 01 Feb 2021 22:45:12 GMT","server":"ESF","cache-control":"private","x-xss-protection":"0","x-frame-options":"SAMEORIGIN","x-content-type-options":"nosniff","alt-svc":"h3-29=\":443\"; ma=2592000,h3-T051=\":443\"; ma=2592000,h3-Q050=\":443\"; ma=2592000,h3-Q046=\":443\"; ma=2592000,h3-Q043=\":443\"; ma=2592000,quic=\":443\"; ma=2592000; v=\"46,43\"","accept-ranges":"none","transfer-encoding":"chunked"}
[debug] [2021-02-01T22:45:12.570Z] >>> HTTP REQUEST GET https://cloudfunctions.googleapis.com/v1/projects/traderank-288df/locations/-/functions  
 
[debug] [2021-02-01T22:45:13.207Z] <<< HTTP RESPONSE 200 {"content-type":"application/json; charset=UTF-8","vary":"X-Origin, Referer, Origin,Accept-Encoding","date":"Mon, 01 Feb 2021 22:45:13 GMT","server":"ESF","cache-control":"private","x-xss-protection":"0","x-frame-options":"SAMEORIGIN","x-content-type-options":"nosniff","alt-svc":"h3-29=\":443\"; ma=2592000,h3-T051=\":443\"; ma=2592000,h3-Q050=\":443\"; ma=2592000,h3-Q046=\":443\"; ma=2592000,h3-Q043=\":443\"; ma=2592000,quic=\":443\"; ma=2592000; v=\"46,43\"","accept-ranges":"none","transfer-encoding":"chunked"}
[debug] [2021-02-01T22:45:13.209Z] >>> HTTP REQUEST GET https://cloudfunctions.googleapis.com/v1/operations/dHJhZGVyYW5rLTI4OGRmL3VzLWNlbnRyYWwxL3NjaGVkdWxlZExlYWRlcmJvYXJkR2FpbkZ1bmN0aW9uL0hEYWZDanFGVWZz  
 
[debug] [2021-02-01T22:45:13.209Z] >>> HTTP REQUEST GET https://cloudfunctions.googleapis.com/v1/operations/dHJhZGVyYW5rLTI4OGRmL3VzLWNlbnRyYWwxL3NjaGVkdWxlZExlYWRlcmJvYXJkTG9zc0Z1bmN0aW9uL25PZ1VjcTlGRVJR  
 
[debug] [2021-02-01T22:45:13.209Z] >>> HTTP REQUEST GET https://cloudfunctions.googleapis.com/v1/operations/dHJhZGVyYW5rLTI4OGRmL3VzLWNlbnRyYWwxL3dyaXRlTm90aWZpY2F0aW9uL3dwYWFXYkk1blhF  
 
[debug] [2021-02-01T22:45:13.423Z] <<< HTTP RESPONSE 200 {"content-type":"application/json; charset=UTF-8","vary":"X-Origin, Referer, Origin,Accept-Encoding","date":"Mon, 01 Feb 2021 22:45:13 GMT","server":"ESF","cache-control":"private","x-xss-protection":"0","x-frame-options":"SAMEORIGIN","x-content-type-options":"nosniff","alt-svc":"h3-29=\":443\"; ma=2592000,h3-T051=\":443\"; ma=2592000,h3-Q050=\":443\"; ma=2592000,h3-Q046=\":443\"; ma=2592000,h3-Q043=\":443\"; ma=2592000,quic=\":443\"; ma=2592000; v=\"46,43\"","accept-ranges":"none","transfer-encoding":"chunked"}
[debug] [2021-02-01T22:45:13.442Z] <<< HTTP RESPONSE 200 {"content-type":"application/json; charset=UTF-8","vary":"X-Origin, Referer, Origin,Accept-Encoding","date":"Mon, 01 Feb 2021 22:45:13 GMT","server":"ESF","cache-control":"private","x-xss-protection":"0","x-frame-options":"SAMEORIGIN","x-content-type-options":"nosniff","alt-svc":"h3-29=\":443\"; ma=2592000,h3-T051=\":443\"; ma=2592000,h3-Q050=\":443\"; ma=2592000,h3-Q046=\":443\"; ma=2592000,h3-Q043=\":443\"; ma=2592000,quic=\":443\"; ma=2592000; v=\"46,43\"","accept-ranges":"none","transfer-encoding":"chunked"}
[debug] [2021-02-01T22:45:13.445Z] <<< HTTP RESPONSE 200 {"content-type":"application/json; charset=UTF-8","vary":"X-Origin, Referer, Origin,Accept-Encoding","date":"Mon, 01 Feb 2021 22:45:13 GMT","server":"ESF","cache-control":"private","x-xss-protection":"0","x-frame-options":"SAMEORIGIN","x-content-type-options":"nosniff","alt-svc":"h3-29=\":443\"; ma=2592000,h3-T051=\":443\"; ma=2592000,h3-Q050=\":443\"; ma=2592000,h3-Q046=\":443\"; ma=2592000,h3-Q043=\":443\"; ma=2592000,quic=\":443\"; ma=2592000; v=\"46,43\"","accept-ranges":"none","transfer-encoding":"chunked"}
[debug] [2021-02-01T22:45:15.427Z] >>> HTTP REQUEST GET https://cloudfunctions.googleapis.com/v1/operations/dHJhZGVyYW5rLTI4OGRmL3VzLWNlbnRyYWwxL3dyaXRlTm90aWZpY2F0aW9uL3dwYWFXYkk1blhF  
 
[debug] [2021-02-01T22:45:15.443Z] >>> HTTP REQUEST GET https://cloudfunctions.googleapis.com/v1/operations/dHJhZGVyYW5rLTI4OGRmL3VzLWNlbnRyYWwxL3NjaGVkdWxlZExlYWRlcmJvYXJkR2FpbkZ1bmN0aW9uL0hEYWZDanFGVWZz  
 
[debug] [2021-02-01T22:45:15.446Z] >>> HTTP REQUEST GET https://cloudfunctions.googleapis.com/v1/operations/dHJhZGVyYW5rLTI4OGRmL3VzLWNlbnRyYWwxL3NjaGVkdWxlZExlYWRlcmJvYXJkTG9zc0Z1bmN0aW9uL25PZ1VjcTlGRVJR  
 
[debug] [2021-02-01T22:45:15.635Z] <<< HTTP RESPONSE 200 {"content-type":"application/json; charset=UTF-8","vary":"X-Origin, Referer, Origin,Accept-Encoding","date":"Mon, 01 Feb 2021 22:45:15 GMT","server":"ESF","cache-control":"private","x-xss-protection":"0","x-frame-options":"SAMEORIGIN","x-content-type-options":"nosniff","alt-svc":"h3-29=\":443\"; ma=2592000,h3-T051=\":443\"; ma=2592000,h3-Q050=\":443\"; ma=2592000,h3-Q046=\":443\"; ma=2592000,h3-Q043=\":443\"; ma=2592000,quic=\":443\"; ma=2592000; v=\"46,43\"","accept-ranges":"none","transfer-encoding":"chunked"}
[debug] [2021-02-01T22:45:15.672Z] <<< HTTP RESPONSE 200 {"content-type":"application/json; charset=UTF-8","vary":"X-Origin, Referer, Origin,Accept-Encoding","date":"Mon, 01 Feb 2021 22:45:15 GMT","server":"ESF","cache-control":"private","x-xss-protection":"0","x-frame-options":"SAMEORIGIN","x-content-type-options":"nosniff","alt-svc":"h3-29=\":443\"; ma=2592000,h3-T051=\":443\"; ma=2592000,h3-Q050=\":443\"; ma=2592000,h3-Q046=\":443\"; ma=2592000,h3-Q043=\":443\"; ma=2592000,quic=\":443\"; ma=2592000; v=\"46,43\"","accept-ranges":"none","transfer-encoding":"chunked"}
[debug] [2021-02-01T22:45:15.676Z] <<< HTTP RESPONSE 200 {"content-type":"application/json; charset=UTF-8","vary":"X-Origin, Referer, Origin,Accept-Encoding","date":"Mon, 01 Feb 2021 22:45:15 GMT","server":"ESF","cache-control":"private","x-xss-protection":"0","x-frame-options":"SAMEORIGIN","x-content-type-options":"nosniff","alt-svc":"h3-29=\":443\"; ma=2592000,h3-T051=\":443\"; ma=2592000,h3-Q050=\":443\"; ma=2592000,h3-Q046=\":443\"; ma=2592000,h3-Q043=\":443\"; ma=2592000,quic=\":443\"; ma=2592000; v=\"46,43\"","accept-ranges":"none","transfer-encoding":"chunked"}
[debug] [2021-02-01T22:45:17.639Z] >>> HTTP REQUEST GET https://cloudfunctions.googleapis.com/v1/operations/dHJhZGVyYW5rLTI4OGRmL3VzLWNlbnRyYWwxL3NjaGVkdWxlZExlYWRlcmJvYXJkR2FpbkZ1bmN0aW9uL0hEYWZDanFGVWZz  
 
[debug] [2021-02-01T22:45:17.676Z] >>> HTTP REQUEST GET https://cloudfunctions.googleapis.com/v1/operations/dHJhZGVyYW5rLTI4OGRmL3VzLWNlbnRyYWwxL3NjaGVkdWxlZExlYWRlcmJvYXJkTG9zc0Z1bmN0aW9uL25PZ1VjcTlGRVJR  
 
[debug] [2021-02-01T22:45:17.677Z] >>> HTTP REQUEST GET https://cloudfunctions.googleapis.com/v1/operations/dHJhZGVyYW5rLTI4OGRmL3VzLWNlbnRyYWwxL3dyaXRlTm90aWZpY2F0aW9uL3dwYWFXYkk1blhF  
 
[debug] [2021-02-01T22:45:17.861Z] <<< HTTP RESPONSE 200 {"content-type":"application/json; charset=UTF-8","vary":"X-Origin, Referer, Origin,Accept-Encoding","date":"Mon, 01 Feb 2021 22:45:18 GMT","server":"ESF","cache-control":"private","x-xss-protection":"0","x-frame-options":"SAMEORIGIN","x-content-type-options":"nosniff","alt-svc":"h3-29=\":443\"; ma=2592000,h3-T051=\":443\"; ma=2592000,h3-Q050=\":443\"; ma=2592000,h3-Q046=\":443\"; ma=2592000,h3-Q043=\":443\"; ma=2592000,quic=\":443\"; ma=2592000; v=\"46,43\"","accept-ranges":"none","transfer-encoding":"chunked"}
[debug] [2021-02-01T22:45:17.872Z] <<< HTTP RESPONSE 200 {"content-type":"application/json; charset=UTF-8","vary":"X-Origin, Referer, Origin,Accept-Encoding","date":"Mon, 01 Feb 2021 22:45:18 GMT","server":"ESF","cache-control":"private","x-xss-protection":"0","x-frame-options":"SAMEORIGIN","x-content-type-options":"nosniff","alt-svc":"h3-29=\":443\"; ma=2592000,h3-T051=\":443\"; ma=2592000,h3-Q050=\":443\"; ma=2592000,h3-Q046=\":443\"; ma=2592000,h3-Q043=\":443\"; ma=2592000,quic=\":443\"; ma=2592000; v=\"46,43\"","accept-ranges":"none","transfer-encoding":"chunked"}
[debug] [2021-02-01T22:45:17.873Z] <<< HTTP RESPONSE 200 {"content-type":"application/json; charset=UTF-8","vary":"X-Origin, Referer, Origin,Accept-Encoding","date":"Mon, 01 Feb 2021 22:45:18 GMT","server":"ESF","cache-control":"private","x-xss-protection":"0","x-frame-options":"SAMEORIGIN","x-content-type-options":"nosniff","alt-svc":"h3-29=\":443\"; ma=2592000,h3-T051=\":443\"; ma=2592000,h3-Q050=\":443\"; ma=2592000,h3-Q046=\":443\"; ma=2592000,h3-Q043=\":443\"; ma=2592000,quic=\":443\"; ma=2592000; v=\"46,43\"","accept-ranges":"none","transfer-encoding":"chunked"}
[debug] [2021-02-01T22:45:19.864Z] >>> HTTP REQUEST GET https://cloudfunctions.googleapis.com/v1/operations/dHJhZGVyYW5rLTI4OGRmL3VzLWNlbnRyYWwxL3NjaGVkdWxlZExlYWRlcmJvYXJkR2FpbkZ1bmN0aW9uL0hEYWZDanFGVWZz  
 
[debug] [2021-02-01T22:45:19.874Z] >>> HTTP REQUEST GET https://cloudfunctions.googleapis.com/v1/operations/dHJhZGVyYW5rLTI4OGRmL3VzLWNlbnRyYWwxL3NjaGVkdWxlZExlYWRlcmJvYXJkTG9zc0Z1bmN0aW9uL25PZ1VjcTlGRVJR  
 
[debug] [2021-02-01T22:45:19.876Z] >>> HTTP REQUEST GET https://cloudfunctions.googleapis.com/v1/operations/dHJhZGVyYW5rLTI4OGRmL3VzLWNlbnRyYWwxL3dyaXRlTm90aWZpY2F0aW9uL3dwYWFXYkk1blhF  
 
[debug] [2021-02-01T22:45:20.058Z] <<< HTTP RESPONSE 200 {"content-type":"application/json; charset=UTF-8","vary":"X-Origin, Referer, Origin,Accept-Encoding","date":"Mon, 01 Feb 2021 22:45:20 GMT","server":"ESF","cache-control":"private","x-xss-protection":"0","x-frame-options":"SAMEORIGIN","x-content-type-options":"nosniff","alt-svc":"h3-29=\":443\"; ma=2592000,h3-T051=\":443\"; ma=2592000,h3-Q050=\":443\"; ma=2592000,h3-Q046=\":443\"; ma=2592000,h3-Q043=\":443\"; ma=2592000,quic=\":443\"; ma=2592000; v=\"46,43\"","accept-ranges":"none","transfer-encoding":"chunked"}
[debug] [2021-02-01T22:45:20.062Z] <<< HTTP RESPONSE 200 {"content-type":"application/json; charset=UTF-8","vary":"X-Origin, Referer, Origin,Accept-Encoding","date":"Mon, 01 Feb 2021 22:45:20 GMT","server":"ESF","cache-control":"private","x-xss-protection":"0","x-frame-options":"SAMEORIGIN","x-content-type-options":"nosniff","alt-svc":"h3-29=\":443\"; ma=2592000,h3-T051=\":443\"; ma=2592000,h3-Q050=\":443\"; ma=2592000,h3-Q046=\":443\"; ma=2592000,h3-Q043=\":443\"; ma=2592000,quic=\":443\"; ma=2592000; v=\"46,43\"","accept-ranges":"none","transfer-encoding":"chunked"}
[debug] [2021-02-01T22:45:20.101Z] <<< HTTP RESPONSE 200 {"content-type":"application/json; charset=UTF-8","vary":"X-Origin, Referer, Origin,Accept-Encoding","date":"Mon, 01 Feb 2021 22:45:20 GMT","server":"ESF","cache-control":"private","x-xss-protection":"0","x-frame-options":"SAMEORIGIN","x-content-type-options":"nosniff","alt-svc":"h3-29=\":443\"; ma=2592000,h3-T051=\":443\"; ma=2592000,h3-Q050=\":443\"; ma=2592000,h3-Q046=\":443\"; ma=2592000,h3-Q043=\":443\"; ma=2592000,quic=\":443\"; ma=2592000; v=\"46,43\"","accept-ranges":"none","transfer-encoding":"chunked"}
[debug] [2021-02-01T22:45:22.060Z] >>> HTTP REQUEST GET https://cloudfunctions.googleapis.com/v1/operations/dHJhZGVyYW5rLTI4OGRmL3VzLWNlbnRyYWwxL3NjaGVkdWxlZExlYWRlcmJvYXJkR2FpbkZ1bmN0aW9uL0hEYWZDanFGVWZz  
 
[debug] [2021-02-01T22:45:22.062Z] >>> HTTP REQUEST GET https://cloudfunctions.googleapis.com/v1/operations/dHJhZGVyYW5rLTI4OGRmL3VzLWNlbnRyYWwxL3NjaGVkdWxlZExlYWRlcmJvYXJkTG9zc0Z1bmN0aW9uL25PZ1VjcTlGRVJR  
 
[debug] [2021-02-01T22:45:22.107Z] >>> HTTP REQUEST GET https://cloudfunctions.googleapis.com/v1/operations/dHJhZGVyYW5rLTI4OGRmL3VzLWNlbnRyYWwxL3dyaXRlTm90aWZpY2F0aW9uL3dwYWFXYkk1blhF  
 
[debug] [2021-02-01T22:45:22.257Z] <<< HTTP RESPONSE 200 {"content-type":"application/json; charset=UTF-8","vary":"X-Origin, Referer, Origin,Accept-Encoding","date":"Mon, 01 Feb 2021 22:45:22 GMT","server":"ESF","cache-control":"private","x-xss-protection":"0","x-frame-options":"SAMEORIGIN","x-content-type-options":"nosniff","alt-svc":"h3-29=\":443\"; ma=2592000,h3-T051=\":443\"; ma=2592000,h3-Q050=\":443\"; ma=2592000,h3-Q046=\":443\"; ma=2592000,h3-Q043=\":443\"; ma=2592000,quic=\":443\"; ma=2592000; v=\"46,43\"","accept-ranges":"none","transfer-encoding":"chunked"}
[debug] [2021-02-01T22:45:22.258Z] <<< HTTP RESPONSE 200 {"content-type":"application/json; charset=UTF-8","vary":"X-Origin, Referer, Origin,Accept-Encoding","date":"Mon, 01 Feb 2021 22:45:22 GMT","server":"ESF","cache-control":"private","x-xss-protection":"0","x-frame-options":"SAMEORIGIN","x-content-type-options":"nosniff","alt-svc":"h3-29=\":443\"; ma=2592000,h3-T051=\":443\"; ma=2592000,h3-Q050=\":443\"; ma=2592000,h3-Q046=\":443\"; ma=2592000,h3-Q043=\":443\"; ma=2592000,quic=\":443\"; ma=2592000; v=\"46,43\"","accept-ranges":"none","transfer-encoding":"chunked"}
[debug] [2021-02-01T22:45:22.297Z] <<< HTTP RESPONSE 200 {"content-type":"application/json; charset=UTF-8","vary":"X-Origin, Referer, Origin,Accept-Encoding","date":"Mon, 01 Feb 2021 22:45:22 GMT","server":"ESF","cache-control":"private","x-xss-protection":"0","x-frame-options":"SAMEORIGIN","x-content-type-options":"nosniff","alt-svc":"h3-29=\":443\"; ma=2592000,h3-T051=\":443\"; ma=2592000,h3-Q050=\":443\"; ma=2592000,h3-Q046=\":443\"; ma=2592000,h3-Q043=\":443\"; ma=2592000,quic=\":443\"; ma=2592000; v=\"46,43\"","accept-ranges":"none","transfer-encoding":"chunked"}
[debug] [2021-02-01T22:45:24.260Z] >>> HTTP REQUEST GET https://cloudfunctions.googleapis.com/v1/operations/dHJhZGVyYW5rLTI4OGRmL3VzLWNlbnRyYWwxL3NjaGVkdWxlZExlYWRlcmJvYXJkR2FpbkZ1bmN0aW9uL0hEYWZDanFGVWZz  
 
[debug] [2021-02-01T22:45:24.261Z] >>> HTTP REQUEST GET https://cloudfunctions.googleapis.com/v1/operations/dHJhZGVyYW5rLTI4OGRmL3VzLWNlbnRyYWwxL3NjaGVkdWxlZExlYWRlcmJvYXJkTG9zc0Z1bmN0aW9uL25PZ1VjcTlGRVJR  
 
[debug] [2021-02-01T22:45:24.302Z] >>> HTTP REQUEST GET https://cloudfunctions.googleapis.com/v1/operations/dHJhZGVyYW5rLTI4OGRmL3VzLWNlbnRyYWwxL3dyaXRlTm90aWZpY2F0aW9uL3dwYWFXYkk1blhF  
 
[debug] [2021-02-01T22:45:24.457Z] <<< HTTP RESPONSE 200 {"content-type":"application/json; charset=UTF-8","vary":"X-Origin, Referer, Origin,Accept-Encoding","date":"Mon, 01 Feb 2021 22:45:24 GMT","server":"ESF","cache-control":"private","x-xss-protection":"0","x-frame-options":"SAMEORIGIN","x-content-type-options":"nosniff","alt-svc":"h3-29=\":443\"; ma=2592000,h3-T051=\":443\"; ma=2592000,h3-Q050=\":443\"; ma=2592000,h3-Q046=\":443\"; ma=2592000,h3-Q043=\":443\"; ma=2592000,quic=\":443\"; ma=2592000; v=\"46,43\"","accept-ranges":"none","transfer-encoding":"chunked"}
[debug] [2021-02-01T22:45:24.465Z] <<< HTTP RESPONSE 200 {"content-type":"application/json; charset=UTF-8","vary":"X-Origin, Referer, Origin,Accept-Encoding","date":"Mon, 01 Feb 2021 22:45:24 GMT","server":"ESF","cache-control":"private","x-xss-protection":"0","x-frame-options":"SAMEORIGIN","x-content-type-options":"nosniff","alt-svc":"h3-29=\":443\"; ma=2592000,h3-T051=\":443\"; ma=2592000,h3-Q050=\":443\"; ma=2592000,h3-Q046=\":443\"; ma=2592000,h3-Q043=\":443\"; ma=2592000,quic=\":443\"; ma=2592000; v=\"46,43\"","accept-ranges":"none","transfer-encoding":"chunked"}
[debug] [2021-02-01T22:45:24.501Z] <<< HTTP RESPONSE 200 {"content-type":"application/json; charset=UTF-8","vary":"X-Origin, Referer, Origin,Accept-Encoding","date":"Mon, 01 Feb 2021 22:45:24 GMT","server":"ESF","cache-control":"private","x-xss-protection":"0","x-frame-options":"SAMEORIGIN","x-content-type-options":"nosniff","alt-svc":"h3-29=\":443\"; ma=2592000,h3-T051=\":443\"; ma=2592000,h3-Q050=\":443\"; ma=2592000,h3-Q046=\":443\"; ma=2592000,h3-Q043=\":443\"; ma=2592000,quic=\":443\"; ma=2592000; v=\"46,43\"","accept-ranges":"none","transfer-encoding":"chunked"}
[debug] [2021-02-01T22:45:26.460Z] >>> HTTP REQUEST GET https://cloudfunctions.googleapis.com/v1/operations/dHJhZGVyYW5rLTI4OGRmL3VzLWNlbnRyYWwxL3NjaGVkdWxlZExlYWRlcmJvYXJkR2FpbkZ1bmN0aW9uL0hEYWZDanFGVWZz  
 
[debug] [2021-02-01T22:45:26.466Z] >>> HTTP REQUEST GET https://cloudfunctions.googleapis.com/v1/operations/dHJhZGVyYW5rLTI4OGRmL3VzLWNlbnRyYWwxL3NjaGVkdWxlZExlYWRlcmJvYXJkTG9zc0Z1bmN0aW9uL25PZ1VjcTlGRVJR  
 
[debug] [2021-02-01T22:45:26.504Z] >>> HTTP REQUEST GET https://cloudfunctions.googleapis.com/v1/operations/dHJhZGVyYW5rLTI4OGRmL3VzLWNlbnRyYWwxL3dyaXRlTm90aWZpY2F0aW9uL3dwYWFXYkk1blhF  
 
[debug] [2021-02-01T22:45:26.655Z] <<< HTTP RESPONSE 200 {"content-type":"application/json; charset=UTF-8","vary":"X-Origin, Referer, Origin,Accept-Encoding","date":"Mon, 01 Feb 2021 22:45:26 GMT","server":"ESF","cache-control":"private","x-xss-protection":"0","x-frame-options":"SAMEORIGIN","x-content-type-options":"nosniff","alt-svc":"h3-29=\":443\"; ma=2592000,h3-T051=\":443\"; ma=2592000,h3-Q050=\":443\"; ma=2592000,h3-Q046=\":443\"; ma=2592000,h3-Q043=\":443\"; ma=2592000,quic=\":443\"; ma=2592000; v=\"46,43\"","accept-ranges":"none","transfer-encoding":"chunked"}
[debug] [2021-02-01T22:45:26.671Z] <<< HTTP RESPONSE 200 {"content-type":"application/json; charset=UTF-8","vary":"X-Origin, Referer, Origin,Accept-Encoding","date":"Mon, 01 Feb 2021 22:45:26 GMT","server":"ESF","cache-control":"private","x-xss-protection":"0","x-frame-options":"SAMEORIGIN","x-content-type-options":"nosniff","alt-svc":"h3-29=\":443\"; ma=2592000,h3-T051=\":443\"; ma=2592000,h3-Q050=\":443\"; ma=2592000,h3-Q046=\":443\"; ma=2592000,h3-Q043=\":443\"; ma=2592000,quic=\":443\"; ma=2592000; v=\"46,43\"","accept-ranges":"none","transfer-encoding":"chunked"}
[debug] [2021-02-01T22:45:26.724Z] <<< HTTP RESPONSE 200 {"content-type":"application/json; charset=UTF-8","vary":"X-Origin, Referer, Origin,Accept-Encoding","date":"Mon, 01 Feb 2021 22:45:26 GMT","server":"ESF","cache-control":"private","x-xss-protection":"0","x-frame-options":"SAMEORIGIN","x-content-type-options":"nosniff","alt-svc":"h3-29=\":443\"; ma=2592000,h3-T051=\":443\"; ma=2592000,h3-Q050=\":443\"; ma=2592000,h3-Q046=\":443\"; ma=2592000,h3-Q043=\":443\"; ma=2592000,quic=\":443\"; ma=2592000; v=\"46,43\"","accept-ranges":"none","transfer-encoding":"chunked"}
[debug] [2021-02-01T22:45:28.660Z] >>> HTTP REQUEST GET https://cloudfunctions.googleapis.com/v1/operations/dHJhZGVyYW5rLTI4OGRmL3VzLWNlbnRyYWwxL3NjaGVkdWxlZExlYWRlcmJvYXJkTG9zc0Z1bmN0aW9uL25PZ1VjcTlGRVJR  
 
[debug] [2021-02-01T22:45:28.672Z] >>> HTTP REQUEST GET https://cloudfunctions.googleapis.com/v1/operations/dHJhZGVyYW5rLTI4OGRmL3VzLWNlbnRyYWwxL3NjaGVkdWxlZExlYWRlcmJvYXJkR2FpbkZ1bmN0aW9uL0hEYWZDanFGVWZz  
 
[debug] [2021-02-01T22:45:28.726Z] >>> HTTP REQUEST GET https://cloudfunctions.googleapis.com/v1/operations/dHJhZGVyYW5rLTI4OGRmL3VzLWNlbnRyYWwxL3dyaXRlTm90aWZpY2F0aW9uL3dwYWFXYkk1blhF  
 
[debug] [2021-02-01T22:45:28.857Z] <<< HTTP RESPONSE 200 {"content-type":"application/json; charset=UTF-8","vary":"X-Origin, Referer, Origin,Accept-Encoding","date":"Mon, 01 Feb 2021 22:45:29 GMT","server":"ESF","cache-control":"private","x-xss-protection":"0","x-frame-options":"SAMEORIGIN","x-content-type-options":"nosniff","alt-svc":"h3-29=\":443\"; ma=2592000,h3-T051=\":443\"; ma=2592000,h3-Q050=\":443\"; ma=2592000,h3-Q046=\":443\"; ma=2592000,h3-Q043=\":443\"; ma=2592000,quic=\":443\"; ma=2592000; v=\"46,43\"","accept-ranges":"none","transfer-encoding":"chunked"}
[debug] [2021-02-01T22:45:28.861Z] <<< HTTP RESPONSE 200 {"content-type":"application/json; charset=UTF-8","vary":"X-Origin, Referer, Origin,Accept-Encoding","date":"Mon, 01 Feb 2021 22:45:29 GMT","server":"ESF","cache-control":"private","x-xss-protection":"0","x-frame-options":"SAMEORIGIN","x-content-type-options":"nosniff","alt-svc":"h3-29=\":443\"; ma=2592000,h3-T051=\":443\"; ma=2592000,h3-Q050=\":443\"; ma=2592000,h3-Q046=\":443\"; ma=2592000,h3-Q043=\":443\"; ma=2592000,quic=\":443\"; ma=2592000; v=\"46,43\"","accept-ranges":"none","transfer-encoding":"chunked"}
[debug] [2021-02-01T22:45:28.923Z] <<< HTTP RESPONSE 200 {"content-type":"application/json; charset=UTF-8","vary":"X-Origin, Referer, Origin,Accept-Encoding","date":"Mon, 01 Feb 2021 22:45:29 GMT","server":"ESF","cache-control":"private","x-xss-protection":"0","x-frame-options":"SAMEORIGIN","x-content-type-options":"nosniff","alt-svc":"h3-29=\":443\"; ma=2592000,h3-T051=\":443\"; ma=2592000,h3-Q050=\":443\"; ma=2592000,h3-Q046=\":443\"; ma=2592000,h3-Q043=\":443\"; ma=2592000,quic=\":443\"; ma=2592000; v=\"46,43\"","accept-ranges":"none","transfer-encoding":"chunked"}
[debug] [2021-02-01T22:45:30.861Z] >>> HTTP REQUEST GET https://cloudfunctions.googleapis.com/v1/operations/dHJhZGVyYW5rLTI4OGRmL3VzLWNlbnRyYWwxL3NjaGVkdWxlZExlYWRlcmJvYXJkTG9zc0Z1bmN0aW9uL25PZ1VjcTlGRVJR  
 
[debug] [2021-02-01T22:45:30.863Z] >>> HTTP REQUEST GET https://cloudfunctions.googleapis.com/v1/operations/dHJhZGVyYW5rLTI4OGRmL3VzLWNlbnRyYWwxL3NjaGVkdWxlZExlYWRlcmJvYXJkR2FpbkZ1bmN0aW9uL0hEYWZDanFGVWZz  
 
[debug] [2021-02-01T22:45:30.927Z] >>> HTTP REQUEST GET https://cloudfunctions.googleapis.com/v1/operations/dHJhZGVyYW5rLTI4OGRmL3VzLWNlbnRyYWwxL3dyaXRlTm90aWZpY2F0aW9uL3dwYWFXYkk1blhF  
 
[debug] [2021-02-01T22:45:31.055Z] <<< HTTP RESPONSE 200 {"content-type":"application/json; charset=UTF-8","vary":"X-Origin, Referer, Origin,Accept-Encoding","date":"Mon, 01 Feb 2021 22:45:31 GMT","server":"ESF","cache-control":"private","x-xss-protection":"0","x-frame-options":"SAMEORIGIN","x-content-type-options":"nosniff","alt-svc":"h3-29=\":443\"; ma=2592000,h3-T051=\":443\"; ma=2592000,h3-Q050=\":443\"; ma=2592000,h3-Q046=\":443\"; ma=2592000,h3-Q043=\":443\"; ma=2592000,quic=\":443\"; ma=2592000; v=\"46,43\"","accept-ranges":"none","transfer-encoding":"chunked"}
[debug] [2021-02-01T22:45:31.056Z] <<< HTTP RESPONSE 200 {"content-type":"application/json; charset=UTF-8","vary":"X-Origin, Referer, Origin,Accept-Encoding","date":"Mon, 01 Feb 2021 22:45:31 GMT","server":"ESF","cache-control":"private","x-xss-protection":"0","x-frame-options":"SAMEORIGIN","x-content-type-options":"nosniff","alt-svc":"h3-29=\":443\"; ma=2592000,h3-T051=\":443\"; ma=2592000,h3-Q050=\":443\"; ma=2592000,h3-Q046=\":443\"; ma=2592000,h3-Q043=\":443\"; ma=2592000,quic=\":443\"; ma=2592000; v=\"46,43\"","accept-ranges":"none","transfer-encoding":"chunked"}
[debug] [2021-02-01T22:45:31.107Z] <<< HTTP RESPONSE 200 {"content-type":"application/json; charset=UTF-8","vary":"X-Origin, Referer, Origin,Accept-Encoding","date":"Mon, 01 Feb 2021 22:45:31 GMT","server":"ESF","cache-control":"private","x-xss-protection":"0","x-frame-options":"SAMEORIGIN","x-content-type-options":"nosniff","alt-svc":"h3-29=\":443\"; ma=2592000,h3-T051=\":443\"; ma=2592000,h3-Q050=\":443\"; ma=2592000,h3-Q046=\":443\"; ma=2592000,h3-Q043=\":443\"; ma=2592000,quic=\":443\"; ma=2592000; v=\"46,43\"","accept-ranges":"none","transfer-encoding":"chunked"}
[debug] [2021-02-01T22:45:33.060Z] >>> HTTP REQUEST GET https://cloudfunctions.googleapis.com/v1/operations/dHJhZGVyYW5rLTI4OGRmL3VzLWNlbnRyYWwxL3NjaGVkdWxlZExlYWRlcmJvYXJkTG9zc0Z1bmN0aW9uL25PZ1VjcTlGRVJR  
 
[debug] [2021-02-01T22:45:33.061Z] >>> HTTP REQUEST GET https://cloudfunctions.googleapis.com/v1/operations/dHJhZGVyYW5rLTI4OGRmL3VzLWNlbnRyYWwxL3NjaGVkdWxlZExlYWRlcmJvYXJkR2FpbkZ1bmN0aW9uL0hEYWZDanFGVWZz  
 
[debug] [2021-02-01T22:45:33.111Z] >>> HTTP REQUEST GET https://cloudfunctions.googleapis.com/v1/operations/dHJhZGVyYW5rLTI4OGRmL3VzLWNlbnRyYWwxL3dyaXRlTm90aWZpY2F0aW9uL3dwYWFXYkk1blhF  
 
[debug] [2021-02-01T22:45:33.247Z] <<< HTTP RESPONSE 200 {"content-type":"application/json; charset=UTF-8","vary":"X-Origin, Referer, Origin,Accept-Encoding","date":"Mon, 01 Feb 2021 22:45:33 GMT","server":"ESF","cache-control":"private","x-xss-protection":"0","x-frame-options":"SAMEORIGIN","x-content-type-options":"nosniff","alt-svc":"h3-29=\":443\"; ma=2592000,h3-T051=\":443\"; ma=2592000,h3-Q050=\":443\"; ma=2592000,h3-Q046=\":443\"; ma=2592000,h3-Q043=\":443\"; ma=2592000,quic=\":443\"; ma=2592000; v=\"46,43\"","accept-ranges":"none","transfer-encoding":"chunked"}
[debug] [2021-02-01T22:45:33.256Z] <<< HTTP RESPONSE 200 {"content-type":"application/json; charset=UTF-8","vary":"X-Origin, Referer, Origin,Accept-Encoding","date":"Mon, 01 Feb 2021 22:45:33 GMT","server":"ESF","cache-control":"private","x-xss-protection":"0","x-frame-options":"SAMEORIGIN","x-content-type-options":"nosniff","alt-svc":"h3-29=\":443\"; ma=2592000,h3-T051=\":443\"; ma=2592000,h3-Q050=\":443\"; ma=2592000,h3-Q046=\":443\"; ma=2592000,h3-Q043=\":443\"; ma=2592000,quic=\":443\"; ma=2592000; v=\"46,43\"","accept-ranges":"none","transfer-encoding":"chunked"}
[debug] [2021-02-01T22:45:33.298Z] <<< HTTP RESPONSE 200 {"content-type":"application/json; charset=UTF-8","vary":"X-Origin, Referer, Origin,Accept-Encoding","date":"Mon, 01 Feb 2021 22:45:33 GMT","server":"ESF","cache-control":"private","x-xss-protection":"0","x-frame-options":"SAMEORIGIN","x-content-type-options":"nosniff","alt-svc":"h3-29=\":443\"; ma=2592000,h3-T051=\":443\"; ma=2592000,h3-Q050=\":443\"; ma=2592000,h3-Q046=\":443\"; ma=2592000,h3-Q043=\":443\"; ma=2592000,quic=\":443\"; ma=2592000; v=\"46,43\"","accept-ranges":"none","transfer-encoding":"chunked"}
[debug] [2021-02-01T22:45:35.251Z] >>> HTTP REQUEST GET https://cloudfunctions.googleapis.com/v1/operations/dHJhZGVyYW5rLTI4OGRmL3VzLWNlbnRyYWwxL3NjaGVkdWxlZExlYWRlcmJvYXJkTG9zc0Z1bmN0aW9uL25PZ1VjcTlGRVJR  
 
[debug] [2021-02-01T22:45:35.257Z] >>> HTTP REQUEST GET https://cloudfunctions.googleapis.com/v1/operations/dHJhZGVyYW5rLTI4OGRmL3VzLWNlbnRyYWwxL3NjaGVkdWxlZExlYWRlcmJvYXJkR2FpbkZ1bmN0aW9uL0hEYWZDanFGVWZz  
 
[debug] [2021-02-01T22:45:35.301Z] >>> HTTP REQUEST GET https://cloudfunctions.googleapis.com/v1/operations/dHJhZGVyYW5rLTI4OGRmL3VzLWNlbnRyYWwxL3dyaXRlTm90aWZpY2F0aW9uL3dwYWFXYkk1blhF  
 
[debug] [2021-02-01T22:45:35.435Z] <<< HTTP RESPONSE 200 {"content-type":"application/json; charset=UTF-8","vary":"X-Origin, Referer, Origin,Accept-Encoding","date":"Mon, 01 Feb 2021 22:45:35 GMT","server":"ESF","cache-control":"private","x-xss-protection":"0","x-frame-options":"SAMEORIGIN","x-content-type-options":"nosniff","alt-svc":"h3-29=\":443\"; ma=2592000,h3-T051=\":443\"; ma=2592000,h3-Q050=\":443\"; ma=2592000,h3-Q046=\":443\"; ma=2592000,h3-Q043=\":443\"; ma=2592000,quic=\":443\"; ma=2592000; v=\"46,43\"","accept-ranges":"none","transfer-encoding":"chunked"}
[debug] [2021-02-01T22:45:35.441Z] <<< HTTP RESPONSE 200 {"content-type":"application/json; charset=UTF-8","vary":"X-Origin, Referer, Origin,Accept-Encoding","date":"Mon, 01 Feb 2021 22:45:35 GMT","server":"ESF","cache-control":"private","x-xss-protection":"0","x-frame-options":"SAMEORIGIN","x-content-type-options":"nosniff","alt-svc":"h3-29=\":443\"; ma=2592000,h3-T051=\":443\"; ma=2592000,h3-Q050=\":443\"; ma=2592000,h3-Q046=\":443\"; ma=2592000,h3-Q043=\":443\"; ma=2592000,quic=\":443\"; ma=2592000; v=\"46,43\"","accept-ranges":"none","transfer-encoding":"chunked"}
[debug] [2021-02-01T22:45:35.486Z] <<< HTTP RESPONSE 200 {"content-type":"application/json; charset=UTF-8","vary":"X-Origin, Referer, Origin,Accept-Encoding","date":"Mon, 01 Feb 2021 22:45:35 GMT","server":"ESF","cache-control":"private","x-xss-protection":"0","x-frame-options":"SAMEORIGIN","x-content-type-options":"nosniff","alt-svc":"h3-29=\":443\"; ma=2592000,h3-T051=\":443\"; ma=2592000,h3-Q050=\":443\"; ma=2592000,h3-Q046=\":443\"; ma=2592000,h3-Q043=\":443\"; ma=2592000,quic=\":443\"; ma=2592000; v=\"46,43\"","accept-ranges":"none","transfer-encoding":"chunked"}
[debug] [2021-02-01T22:45:37.440Z] >>> HTTP REQUEST GET https://cloudfunctions.googleapis.com/v1/operations/dHJhZGVyYW5rLTI4OGRmL3VzLWNlbnRyYWwxL3NjaGVkdWxlZExlYWRlcmJvYXJkTG9zc0Z1bmN0aW9uL25PZ1VjcTlGRVJR  
 
[debug] [2021-02-01T22:45:37.444Z] >>> HTTP REQUEST GET https://cloudfunctions.googleapis.com/v1/operations/dHJhZGVyYW5rLTI4OGRmL3VzLWNlbnRyYWwxL3NjaGVkdWxlZExlYWRlcmJvYXJkR2FpbkZ1bmN0aW9uL0hEYWZDanFGVWZz  
 
[debug] [2021-02-01T22:45:37.490Z] >>> HTTP REQUEST GET https://cloudfunctions.googleapis.com/v1/operations/dHJhZGVyYW5rLTI4OGRmL3VzLWNlbnRyYWwxL3dyaXRlTm90aWZpY2F0aW9uL3dwYWFXYkk1blhF  
 
[debug] [2021-02-01T22:45:37.637Z] <<< HTTP RESPONSE 200 {"content-type":"application/json; charset=UTF-8","vary":"X-Origin, Referer, Origin,Accept-Encoding","date":"Mon, 01 Feb 2021 22:45:37 GMT","server":"ESF","cache-control":"private","x-xss-protection":"0","x-frame-options":"SAMEORIGIN","x-content-type-options":"nosniff","alt-svc":"h3-29=\":443\"; ma=2592000,h3-T051=\":443\"; ma=2592000,h3-Q050=\":443\"; ma=2592000,h3-Q046=\":443\"; ma=2592000,h3-Q043=\":443\"; ma=2592000,quic=\":443\"; ma=2592000; v=\"46,43\"","accept-ranges":"none","transfer-encoding":"chunked"}
[debug] [2021-02-01T22:45:37.640Z] <<< HTTP RESPONSE 200 {"content-type":"application/json; charset=UTF-8","vary":"X-Origin, Referer, Origin,Accept-Encoding","date":"Mon, 01 Feb 2021 22:45:37 GMT","server":"ESF","cache-control":"private","x-xss-protection":"0","x-frame-options":"SAMEORIGIN","x-content-type-options":"nosniff","alt-svc":"h3-29=\":443\"; ma=2592000,h3-T051=\":443\"; ma=2592000,h3-Q050=\":443\"; ma=2592000,h3-Q046=\":443\"; ma=2592000,h3-Q043=\":443\"; ma=2592000,quic=\":443\"; ma=2592000; v=\"46,43\"","accept-ranges":"none","transfer-encoding":"chunked"}
[debug] [2021-02-01T22:45:37.682Z] <<< HTTP RESPONSE 200 {"content-type":"application/json; charset=UTF-8","vary":"X-Origin, Referer, Origin,Accept-Encoding","date":"Mon, 01 Feb 2021 22:45:37 GMT","server":"ESF","cache-control":"private","x-xss-protection":"0","x-frame-options":"SAMEORIGIN","x-content-type-options":"nosniff","alt-svc":"h3-29=\":443\"; ma=2592000,h3-T051=\":443\"; ma=2592000,h3-Q050=\":443\"; ma=2592000,h3-Q046=\":443\"; ma=2592000,h3-Q043=\":443\"; ma=2592000,quic=\":443\"; ma=2592000; v=\"46,43\"","accept-ranges":"none","transfer-encoding":"chunked"}
[debug] [2021-02-01T22:45:39.640Z] >>> HTTP REQUEST GET https://cloudfunctions.googleapis.com/v1/operations/dHJhZGVyYW5rLTI4OGRmL3VzLWNlbnRyYWwxL3NjaGVkdWxlZExlYWRlcmJvYXJkR2FpbkZ1bmN0aW9uL0hEYWZDanFGVWZz  
 
[debug] [2021-02-01T22:45:39.641Z] >>> HTTP REQUEST GET https://cloudfunctions.googleapis.com/v1/operations/dHJhZGVyYW5rLTI4OGRmL3VzLWNlbnRyYWwxL3NjaGVkdWxlZExlYWRlcmJvYXJkTG9zc0Z1bmN0aW9uL25PZ1VjcTlGRVJR  
 
[debug] [2021-02-01T22:45:39.686Z] >>> HTTP REQUEST GET https://cloudfunctions.googleapis.com/v1/operations/dHJhZGVyYW5rLTI4OGRmL3VzLWNlbnRyYWwxL3dyaXRlTm90aWZpY2F0aW9uL3dwYWFXYkk1blhF  
 
[debug] [2021-02-01T22:45:39.854Z] <<< HTTP RESPONSE 200 {"content-type":"application/json; charset=UTF-8","vary":"X-Origin, Referer, Origin,Accept-Encoding","date":"Mon, 01 Feb 2021 22:45:40 GMT","server":"ESF","cache-control":"private","x-xss-protection":"0","x-frame-options":"SAMEORIGIN","x-content-type-options":"nosniff","alt-svc":"h3-29=\":443\"; ma=2592000,h3-T051=\":443\"; ma=2592000,h3-Q050=\":443\"; ma=2592000,h3-Q046=\":443\"; ma=2592000,h3-Q043=\":443\"; ma=2592000,quic=\":443\"; ma=2592000; v=\"46,43\"","accept-ranges":"none","transfer-encoding":"chunked"}
[debug] [2021-02-01T22:45:39.860Z] <<< HTTP RESPONSE 200 {"content-type":"application/json; charset=UTF-8","vary":"X-Origin, Referer, Origin,Accept-Encoding","date":"Mon, 01 Feb 2021 22:45:40 GMT","server":"ESF","cache-control":"private","x-xss-protection":"0","x-frame-options":"SAMEORIGIN","x-content-type-options":"nosniff","alt-svc":"h3-29=\":443\"; ma=2592000,h3-T051=\":443\"; ma=2592000,h3-Q050=\":443\"; ma=2592000,h3-Q046=\":443\"; ma=2592000,h3-Q043=\":443\"; ma=2592000,quic=\":443\"; ma=2592000; v=\"46,43\"","accept-ranges":"none","transfer-encoding":"chunked"}
[debug] [2021-02-01T22:45:39.881Z] <<< HTTP RESPONSE 200 {"content-type":"application/json; charset=UTF-8","vary":"X-Origin, Referer, Origin,Accept-Encoding","date":"Mon, 01 Feb 2021 22:45:40 GMT","server":"ESF","cache-control":"private","x-xss-protection":"0","x-frame-options":"SAMEORIGIN","x-content-type-options":"nosniff","alt-svc":"h3-29=\":443\"; ma=2592000,h3-T051=\":443\"; ma=2592000,h3-Q050=\":443\"; ma=2592000,h3-Q046=\":443\"; ma=2592000,h3-Q043=\":443\"; ma=2592000,quic=\":443\"; ma=2592000; v=\"46,43\"","accept-ranges":"none","transfer-encoding":"chunked"}
